2023-07-13 02:34:38.766  INFO [msd-pizza-producer,,,] 11408 --- [RMI TCP Connection(8)-127.0.0.1] inMXBeanRegistrar$SpringApplicationAdmin : Application shutdown requested.
2023-07-13 02:34:38.766  INFO [msd-pizza-producer,,,] 11408 --- [RMI TCP Connection(8)-127.0.0.1] ationConfigEmbeddedWebApplicationContext : Closing org.springframework.boot.context.embedded.AnnotationConfigEmbeddedWebApplicationContext@23bff419: startup date [Thu Jul 13 02:33:19 IST 2023]; parent: org.springframework.context.annotation.AnnotationConfigApplicationContext@1c1bbc4e
2023-07-13 02:34:38.767  INFO [msd-pizza-producer,,,] 11408 --- [RMI TCP Connection(8)-127.0.0.1] o.s.c.n.e.s.EurekaServiceRegistry        : Unregistering application msd-pizza-producer with eureka with status DOWN
2023-07-13 02:34:38.767  WARN [msd-pizza-producer,,,] 11408 --- [RMI TCP Connection(8)-127.0.0.1] com.netflix.discovery.DiscoveryClient    : Saw local status change event StatusChangeEvent [timestamp=1689195878767, current=DOWN, previous=UP]
2023-07-13 02:34:38.768  INFO [msd-pizza-producer,,,] 11408 --- [RMI TCP Connection(8)-127.0.0.1] com.netflix.discovery.DiscoveryClient    : Shutting down DiscoveryClient ...
2023-07-13 02:34:38.768  INFO [msd-pizza-producer,,,] 11408 --- [RMI TCP Connection(8)-127.0.0.1] com.netflix.discovery.DiscoveryClient    : Unregistering ...
2023-07-13 02:34:38.773  INFO [msd-pizza-producer,,,] 11408 --- [RMI TCP Connection(8)-127.0.0.1] com.netflix.discovery.DiscoveryClient    : DiscoveryClient_MSD-PIZZA-PRODUCER/172.32.9.54:msd-pizza-producer:7092 - deregister  status: 200
2023-07-13 02:34:38.782  INFO [msd-pizza-producer,,,] 11408 --- [RMI TCP Connection(8)-127.0.0.1] com.netflix.discovery.DiscoveryClient    : Completed shut down of DiscoveryClient
2023-07-13 02:34:38.783  INFO [msd-pizza-producer,,,] 11408 --- [RMI TCP Connection(8)-127.0.0.1] o.s.c.support.DefaultLifecycleProcessor  : Stopping beans in phase 0
2023-07-13 02:34:39.786  WARN [msd-pizza-producer,,,] 11408 --- [RMI TCP Connection(8)-127.0.0.1] z.r.AsyncReporter$BoundedAsyncReporter   : Timed out waiting for in-flight spans to send
2023-07-13 02:34:39.787  INFO [msd-pizza-producer,,,] 11408 --- [RMI TCP Connection(8)-127.0.0.1] o.s.j.e.a.AnnotationMBeanExporter        : Unregistering JMX-exposed beans on shutdown
2023-07-13 02:34:39.787  INFO [msd-pizza-producer,,,] 11408 --- [RMI TCP Connection(8)-127.0.0.1] o.s.j.e.a.AnnotationMBeanExporter        : Unregistering JMX-exposed beans
2023-07-13 02:34:39.789  INFO [msd-pizza-producer,,,] 11408 --- [RMI TCP Connection(8)-127.0.0.1] j.LocalContainerEntityManagerFactoryBean : Closing JPA EntityManagerFactory for persistence unit 'default'
2023-07-13 02:34:39.888  INFO [msd-pizza-producer,,,] 11408 --- [RMI TCP Connection(8)-127.0.0.1] o.apache.catalina.core.StandardService   : Stopping service Tomcat
2023-07-13 02:34:44.048  INFO [msd-pizza-producer,,,] 6056 --- [main] com.accenture.lkm.PizzaOrderProducer     : No active profile set, falling back to default profiles: default
2023-07-13 02:34:44.065  INFO [msd-pizza-producer,,,] 6056 --- [main] ationConfigEmbeddedWebApplicationContext : Refreshing org.springframework.boot.context.embedded.AnnotationConfigEmbeddedWebApplicationContext@23bff419: startup date [Thu Jul 13 02:34:44 IST 2023]; parent: org.springframework.context.annotation.AnnotationConfigApplicationContext@1c1bbc4e
2023-07-13 02:34:45.004  INFO [msd-pizza-producer,,,] 6056 --- [main] o.s.cloud.context.scope.GenericScope     : BeanFactory id=aae55333-29bf-352e-909e-45fe0844fe55
2023-07-13 02:34:45.040  INFO [msd-pizza-producer,,,] 6056 --- [main] f.a.AutowiredAnnotationBeanPostProcessor : JSR-330 'javax.inject.Inject' annotation found and supported for autowiring
2023-07-13 02:34:45.137  INFO [msd-pizza-producer,,,] 6056 --- [main] trationDelegate$BeanPostProcessorChecker : Bean 'org.springframework.cloud.sleuth.instrument.async.AsyncDefaultAutoConfiguration$DefaultAsyncConfigurerSupport' of type [org.springframework.cloud.sleuth.instrument.async.AsyncDefaultAutoConfiguration$DefaultAsyncConfigurerSupport$$EnhancerBySpringCGLIB$$46f1e91a] is not eligible for getting processed by all BeanPostProcessors (for example: not eligible for auto-proxying)
2023-07-13 02:34:45.225  INFO [msd-pizza-producer,,,] 6056 --- [main] trationDelegate$BeanPostProcessorChecker : Bean 'org.springframework.cloud.sleuth.annotation.SleuthAnnotationAutoConfiguration' of type [org.springframework.cloud.sleuth.annotation.SleuthAnnotationAutoConfiguration$$EnhancerBySpringCGLIB$$c159189] is not eligible for getting processed by all BeanPostProcessors (for example: not eligible for auto-proxying)
2023-07-13 02:34:45.466  INFO [msd-pizza-producer,,,] 6056 --- [main] trationDelegate$BeanPostProcessorChecker : Bean 'sleuthAdvisorConfig' of type [org.springframework.cloud.sleuth.annotation.SleuthAdvisorConfig] is not eligible for getting processed by all BeanPostProcessors (for example: not eligible for auto-proxying)
2023-07-13 02:34:45.474  INFO [msd-pizza-producer,,,] 6056 --- [main] trationDelegate$BeanPostProcessorChecker : Bean 'org.springframework.transaction.annotation.ProxyTransactionManagementConfiguration' of type [org.springframework.transaction.annotation.ProxyTransactionManagementConfiguration$$EnhancerBySpringCGLIB$$9b04b57] is not eligible for getting processed by all BeanPostProcessors (for example: not eligible for auto-proxying)
2023-07-13 02:34:45.554  INFO [msd-pizza-producer,,,] 6056 --- [main] trationDelegate$BeanPostProcessorChecker : Bean 'org.springframework.cloud.autoconfigure.ConfigurationPropertiesRebinderAutoConfiguration' of type [org.springframework.cloud.autoconfigure.ConfigurationPropertiesRebinderAutoConfiguration$$EnhancerBySpringCGLIB$$25ca4e54] is not eligible for getting processed by all BeanPostProcessors (for example: not eligible for auto-proxying)
2023-07-13 02:34:45.581  INFO [msd-pizza-producer,,,] 6056 --- [main] trationDelegate$BeanPostProcessorChecker : Bean 'org.springframework.cloud.sleuth.instrument.async.AsyncDefaultAutoConfiguration' of type [org.springframework.cloud.sleuth.instrument.async.AsyncDefaultAutoConfiguration$$EnhancerBySpringCGLIB$$f193f776] is not eligible for getting processed by all BeanPostProcessors (for example: not eligible for auto-proxying)
2023-07-13 02:34:45.617  INFO [msd-pizza-producer,,,] 6056 --- [main] trationDelegate$BeanPostProcessorChecker : Bean 'org.springframework.cloud.sleuth.instrument.web.client.TraceWebClientAutoConfiguration$TraceOAuthConfiguration' of type [org.springframework.cloud.sleuth.instrument.web.client.TraceWebClientAutoConfiguration$TraceOAuthConfiguration$$EnhancerBySpringCGLIB$$4eacddb6] is not eligible for getting processed by all BeanPostProcessors (for example: not eligible for auto-proxying)
2023-07-13 02:34:46.134  INFO [msd-pizza-producer,,,] 6056 --- [main] s.b.c.e.t.TomcatEmbeddedServletContainer : Tomcat initialized with port(s): 7092 (http)
2023-07-13 02:34:46.145  INFO [msd-pizza-producer,,,] 6056 --- [main] o.apache.catalina.core.StandardService   : Starting service Tomcat
2023-07-13 02:34:46.146  INFO [msd-pizza-producer,,,] 6056 --- [main] org.apache.catalina.core.StandardEngine  : Starting Servlet Engine: Apache Tomcat/8.5.11
2023-07-13 02:34:46.272  INFO [msd-pizza-producer,,,] 6056 --- [localhost-startStop-1] o.a.c.c.C.[Tomcat].[localhost].[/]       : Initializing Spring embedded WebApplicationContext
2023-07-13 02:34:46.272  INFO [msd-pizza-producer,,,] 6056 --- [localhost-startStop-1] o.s.web.context.ContextLoader            : Root WebApplicationContext: initialization completed in 2207 ms
2023-07-13 02:34:46.795  INFO [msd-pizza-producer,,,] 6056 --- [localhost-startStop-1] o.s.b.w.servlet.FilterRegistrationBean   : Mapping filter: 'characterEncodingFilter' to: [/*]
2023-07-13 02:34:46.796  INFO [msd-pizza-producer,,,] 6056 --- [localhost-startStop-1] o.s.b.w.servlet.FilterRegistrationBean   : Mapping filter: 'traceFilter' to: [/*]
2023-07-13 02:34:46.796  INFO [msd-pizza-producer,,,] 6056 --- [localhost-startStop-1] o.s.b.w.servlet.FilterRegistrationBean   : Mapping filter: 'hiddenHttpMethodFilter' to: [/*]
2023-07-13 02:34:46.796  INFO [msd-pizza-producer,,,] 6056 --- [localhost-startStop-1] o.s.b.w.servlet.FilterRegistrationBean   : Mapping filter: 'httpPutFormContentFilter' to: [/*]
2023-07-13 02:34:46.796  INFO [msd-pizza-producer,,,] 6056 --- [localhost-startStop-1] o.s.b.w.servlet.FilterRegistrationBean   : Mapping filter: 'requestContextFilter' to: [/*]
2023-07-13 02:34:46.796  INFO [msd-pizza-producer,,,] 6056 --- [localhost-startStop-1] o.s.b.w.servlet.ServletRegistrationBean  : Mapping servlet: 'dispatcherServlet' to [/]
2023-07-13 02:34:48.022  INFO [msd-pizza-producer,,,] 6056 --- [main] j.LocalContainerEntityManagerFactoryBean : Building JPA container EntityManagerFactory for persistence unit 'default'
2023-07-13 02:34:48.042  INFO [msd-pizza-producer,,,] 6056 --- [main] o.hibernate.jpa.internal.util.LogHelper  : HHH000204: Processing PersistenceUnitInfo [
	name: default
	...]
2023-07-13 02:34:48.135  INFO [msd-pizza-producer,,,] 6056 --- [main] org.hibernate.Version                    : HHH000412: Hibernate Core {5.0.12.Final}
2023-07-13 02:34:48.137  INFO [msd-pizza-producer,,,] 6056 --- [main] org.hibernate.cfg.Environment            : HHH000206: hibernate.properties not found
2023-07-13 02:34:48.139  INFO [msd-pizza-producer,,,] 6056 --- [main] org.hibernate.cfg.Environment            : HHH000021: Bytecode provider name : javassist
2023-07-13 02:34:48.201  INFO [msd-pizza-producer,,,] 6056 --- [main] o.hibernate.annotations.common.Version   : HCANN000001: Hibernate Commons Annotations {5.0.1.Final}
2023-07-13 02:34:48.364  INFO [msd-pizza-producer,,,] 6056 --- [main] org.hibernate.dialect.Dialect            : HHH000400: Using dialect: org.hibernate.dialect.MySQL5Dialect
2023-07-13 02:34:48.948  INFO [msd-pizza-producer,,,] 6056 --- [main] j.LocalContainerEntityManagerFactoryBean : Initialized JPA EntityManagerFactory for persistence unit 'default'
2023-07-13 02:34:50.825  WARN [msd-pizza-producer,,,] 6056 --- [main] c.n.c.sources.URLConfigurationSource     : No URLs will be polled as dynamic configuration sources.
2023-07-13 02:34:50.827  INFO [msd-pizza-producer,,,] 6056 --- [main] c.n.c.sources.URLConfigurationSource     : To enable URLs as dynamic configuration sources, define System property archaius.configurationSource.additionalUrls or make config.properties available on classpath.
2023-07-13 02:34:50.835  WARN [msd-pizza-producer,,,] 6056 --- [main] c.n.c.sources.URLConfigurationSource     : No URLs will be polled as dynamic configuration sources.
2023-07-13 02:34:50.835  INFO [msd-pizza-producer,,,] 6056 --- [main] c.n.c.sources.URLConfigurationSource     : To enable URLs as dynamic configuration sources, define System property archaius.configurationSource.additionalUrls or make config.properties available on classpath.
2023-07-13 02:34:51.553  INFO [msd-pizza-producer,,,] 6056 --- [main] s.w.s.m.m.a.RequestMappingHandlerAdapter : Looking for @ControllerAdvice: org.springframework.boot.context.embedded.AnnotationConfigEmbeddedWebApplicationContext@23bff419: startup date [Thu Jul 13 02:34:44 IST 2023]; parent: org.springframework.context.annotation.AnnotationConfigApplicationContext@1c1bbc4e
2023-07-13 02:34:51.774  INFO [msd-pizza-producer,,,] 6056 --- [main] s.w.s.m.m.a.RequestMappingHandlerMapping : Mapped "{[/api/v1/msd/pizzaorder],methods=[POST]}" onto public org.springframework.http.ResponseEntity<java.lang.String> com.accenture.lkm.controller.PizzaController.addPizza(com.accenture.lkm.dto.PizzaOrderDto)
2023-07-13 02:34:51.775  INFO [msd-pizza-producer,,,] 6056 --- [main] s.w.s.m.m.a.RequestMappingHandlerMapping : Mapped "{[/api/v1/msd/pizzaorder],methods=[GET]}" onto public org.springframework.http.ResponseEntity<java.util.List<com.accenture.lkm.dto.PizzaOrderDto>> com.accenture.lkm.controller.PizzaController.getPizzaDetails()
2023-07-13 02:34:51.775  INFO [msd-pizza-producer,,,] 6056 --- [main] s.w.s.m.m.a.RequestMappingHandlerMapping : Mapped "{[/api/v1/msd/pizzaorder/customerContactNumber],methods=[POST]}" onto public org.springframework.http.ResponseEntity<java.util.List<com.accenture.lkm.dto.PizzaOrderDto>> com.accenture.lkm.controller.PizzaController.getOrderDetailsByContactNumber(com.accenture.lkm.dto.PizzaCustomerContactNumberDto)
2023-07-13 02:34:51.776  INFO [msd-pizza-producer,,,] 6056 --- [main] s.w.s.m.m.a.RequestMappingHandlerMapping : Mapped "{[/api/v1/msd/pizzaorder/pizzaName],methods=[POST]}" onto public org.springframework.http.ResponseEntity<java.util.List<com.accenture.lkm.dto.PizzaOrderDto>> com.accenture.lkm.controller.PizzaController.getallDetailsByPizaaName(com.accenture.lkm.dto.PizzaNameDto)
2023-07-13 02:34:51.778  INFO [msd-pizza-producer,,,] 6056 --- [main] s.w.s.m.m.a.RequestMappingHandlerMapping : Mapped "{[/error]}" onto public org.springframework.http.ResponseEntity<java.util.Map<java.lang.String, java.lang.Object>> org.springframework.boot.autoconfigure.web.BasicErrorController.error(javax.servlet.http.HttpServletRequest)
2023-07-13 02:34:51.779  INFO [msd-pizza-producer,,,] 6056 --- [main] s.w.s.m.m.a.RequestMappingHandlerMapping : Mapped "{[/error],produces=[text/html]}" onto public org.springframework.web.servlet.ModelAndView org.springframework.boot.autoconfigure.web.BasicErrorController.errorHtml(javax.servlet.http.HttpServletRequest,javax.servlet.http.HttpServletResponse)
2023-07-13 02:34:51.967  INFO [msd-pizza-producer,,,] 6056 --- [main] o.s.w.s.handler.SimpleUrlHandlerMapping  : Mapped URL path [/webjars/**] onto handler of type [class org.springframework.web.servlet.resource.ResourceHttpRequestHandler]
2023-07-13 02:34:51.967  INFO [msd-pizza-producer,,,] 6056 --- [main] o.s.w.s.handler.SimpleUrlHandlerMapping  : Mapped URL path [/**] onto handler of type [class org.springframework.web.servlet.resource.ResourceHttpRequestHandler]
2023-07-13 02:34:52.073  INFO [msd-pizza-producer,,,] 6056 --- [main] o.s.w.s.handler.SimpleUrlHandlerMapping  : Mapped URL path [/**/favicon.ico] onto handler of type [class org.springframework.web.servlet.resource.ResourceHttpRequestHandler]
2023-07-13 02:34:53.979  INFO [msd-pizza-producer,,,] 6056 --- [main] o.s.s.c.ThreadPoolTaskScheduler          : Initializing ExecutorService 
2023-07-13 02:34:54.147  INFO [msd-pizza-producer,,,] 6056 --- [main] o.s.j.e.a.AnnotationMBeanExporter        : Registering beans for JMX exposure on startup
2023-07-13 02:34:54.156  INFO [msd-pizza-producer,,,] 6056 --- [main] o.s.j.e.a.AnnotationMBeanExporter        : Bean with name 'environmentManager' has been autodetected for JMX exposure
2023-07-13 02:34:54.158  INFO [msd-pizza-producer,,,] 6056 --- [main] o.s.j.e.a.AnnotationMBeanExporter        : Bean with name 'configurationPropertiesRebinder' has been autodetected for JMX exposure
2023-07-13 02:34:54.159  INFO [msd-pizza-producer,,,] 6056 --- [main] o.s.j.e.a.AnnotationMBeanExporter        : Bean with name 'refreshScope' has been autodetected for JMX exposure
2023-07-13 02:34:54.162  INFO [msd-pizza-producer,,,] 6056 --- [main] o.s.j.e.a.AnnotationMBeanExporter        : Located managed bean 'environmentManager': registering with JMX server as MBean [org.springframework.cloud.context.environment:name=environmentManager,type=EnvironmentManager]
2023-07-13 02:34:54.175  INFO [msd-pizza-producer,,,] 6056 --- [main] o.s.j.e.a.AnnotationMBeanExporter        : Located managed bean 'refreshScope': registering with JMX server as MBean [org.springframework.cloud.context.scope.refresh:name=refreshScope,type=RefreshScope]
2023-07-13 02:34:54.186  INFO [msd-pizza-producer,,,] 6056 --- [main] o.s.j.e.a.AnnotationMBeanExporter        : Located managed bean 'configurationPropertiesRebinder': registering with JMX server as MBean [org.springframework.cloud.context.properties:name=configurationPropertiesRebinder,context=23bff419,type=ConfigurationPropertiesRebinder]
2023-07-13 02:34:54.412  INFO [msd-pizza-producer,,,] 6056 --- [main] o.s.c.support.DefaultLifecycleProcessor  : Starting beans in phase 0
2023-07-13 02:34:54.421  INFO [msd-pizza-producer,,,] 6056 --- [main] o.s.c.n.eureka.InstanceInfoFactory       : Setting initial instance status as: STARTING
2023-07-13 02:34:54.484  INFO [msd-pizza-producer,,,] 6056 --- [main] com.netflix.discovery.DiscoveryClient    : Initializing Eureka in region us-east-1
2023-07-13 02:34:54.616  INFO [msd-pizza-producer,,,] 6056 --- [main] c.n.d.provider.DiscoveryJerseyProvider   : Using JSON encoding codec LegacyJacksonJson
2023-07-13 02:34:54.616  INFO [msd-pizza-producer,,,] 6056 --- [main] c.n.d.provider.DiscoveryJerseyProvider   : Using JSON decoding codec LegacyJacksonJson
2023-07-13 02:34:54.748  INFO [msd-pizza-producer,,,] 6056 --- [main] c.n.d.provider.DiscoveryJerseyProvider   : Using XML encoding codec XStreamXml
2023-07-13 02:34:54.748  INFO [msd-pizza-producer,,,] 6056 --- [main] c.n.d.provider.DiscoveryJerseyProvider   : Using XML decoding codec XStreamXml
2023-07-13 02:34:55.217  INFO [msd-pizza-producer,,,] 6056 --- [main] c.n.d.s.r.aws.ConfigClusterResolver      : Resolving eureka endpoints via configuration
2023-07-13 02:34:55.275  INFO [msd-pizza-producer,,,] 6056 --- [main] com.netflix.discovery.DiscoveryClient    : Disable delta property : false
2023-07-13 02:34:55.275  INFO [msd-pizza-producer,,,] 6056 --- [main] com.netflix.discovery.DiscoveryClient    : Single vip registry refresh property : null
2023-07-13 02:34:55.275  INFO [msd-pizza-producer,,,] 6056 --- [main] com.netflix.discovery.DiscoveryClient    : Force full registry fetch : false
2023-07-13 02:34:55.275  INFO [msd-pizza-producer,,,] 6056 --- [main] com.netflix.discovery.DiscoveryClient    : Application is null : false
2023-07-13 02:34:55.276  INFO [msd-pizza-producer,,,] 6056 --- [main] com.netflix.discovery.DiscoveryClient    : Registered Applications size is zero : true
2023-07-13 02:34:55.276  INFO [msd-pizza-producer,,,] 6056 --- [main] com.netflix.discovery.DiscoveryClient    : Application version is -1: true
2023-07-13 02:34:55.276  INFO [msd-pizza-producer,,,] 6056 --- [main] com.netflix.discovery.DiscoveryClient    : Getting all instance registry info from the eureka server
2023-07-13 02:34:55.470  INFO [msd-pizza-producer,,,] 6056 --- [main] com.netflix.discovery.DiscoveryClient    : The response status is 200
2023-07-13 02:34:55.472  INFO [msd-pizza-producer,,,] 6056 --- [main] com.netflix.discovery.DiscoveryClient    : Starting heartbeat executor: renew interval is: 30
2023-07-13 02:34:55.475  INFO [msd-pizza-producer,,,] 6056 --- [main] c.n.discovery.InstanceInfoReplicator     : InstanceInfoReplicator onDemand update allowed rate per min is 4
2023-07-13 02:34:55.478  INFO [msd-pizza-producer,,,] 6056 --- [main] com.netflix.discovery.DiscoveryClient    : Discovery Client initialized at timestamp 1689195895478 with initial instances count: 1
2023-07-13 02:34:55.608  INFO [msd-pizza-producer,,,] 6056 --- [main] o.s.c.n.e.s.EurekaServiceRegistry        : Registering application msd-pizza-producer with eureka with status UP
2023-07-13 02:34:55.608  INFO [msd-pizza-producer,,,] 6056 --- [main] com.netflix.discovery.DiscoveryClient    : Saw local status change event StatusChangeEvent [timestamp=1689195895608, current=UP, previous=STARTING]
2023-07-13 02:34:55.610  INFO [msd-pizza-producer,,,] 6056 --- [DiscoveryClient-InstanceInfoReplicator-0] com.netflix.discovery.DiscoveryClient    : DiscoveryClient_MSD-PIZZA-PRODUCER/172.32.9.54:msd-pizza-producer:7092: registering service...
2023-07-13 02:34:55.645  INFO [msd-pizza-producer,,,] 6056 --- [DiscoveryClient-InstanceInfoReplicator-0] com.netflix.discovery.DiscoveryClient    : DiscoveryClient_MSD-PIZZA-PRODUCER/172.32.9.54:msd-pizza-producer:7092 - registration status: 204
2023-07-13 02:34:55.671  INFO [msd-pizza-producer,,,] 6056 --- [main] s.b.c.e.t.TomcatEmbeddedServletContainer : Tomcat started on port(s): 7092 (http)
2023-07-13 02:34:55.672  INFO [msd-pizza-producer,,,] 6056 --- [main] .s.c.n.e.s.EurekaAutoServiceRegistration : Updating port to 7092
2023-07-13 02:34:55.676  INFO [msd-pizza-producer,,,] 6056 --- [main] com.accenture.lkm.PizzaOrderProducer     : Started PizzaOrderProducer in 12.739 seconds (JVM running for 13.457)
2023-07-13 02:37:02.882  INFO [msd-pizza-producer,,,] 12268 --- [main] c.accenture.lkm.PizzaOrderProducerTest   : No active profile set, falling back to default profiles: default
2023-07-13 02:37:02.885  INFO [msd-pizza-producer,,,] 12268 --- [main] o.s.w.c.s.GenericWebApplicationContext   : Refreshing org.springframework.web.context.support.GenericWebApplicationContext@5dbe30be: startup date [Thu Jul 13 02:37:02 IST 2023]; parent: org.springframework.context.annotation.AnnotationConfigApplicationContext@4b520ea8
2023-07-13 02:37:04.167  INFO [msd-pizza-producer,,,] 12268 --- [main] o.s.cloud.context.scope.GenericScope     : BeanFactory id=aba28fa8-4091-3141-8e34-c214bab08a16
2023-07-13 02:37:04.259  INFO [msd-pizza-producer,,,] 12268 --- [main] f.a.AutowiredAnnotationBeanPostProcessor : JSR-330 'javax.inject.Inject' annotation found and supported for autowiring
2023-07-13 02:37:04.413  INFO [msd-pizza-producer,,,] 12268 --- [main] trationDelegate$BeanPostProcessorChecker : Bean 'org.springframework.cloud.sleuth.instrument.async.AsyncDefaultAutoConfiguration$DefaultAsyncConfigurerSupport' of type [org.springframework.cloud.sleuth.instrument.async.AsyncDefaultAutoConfiguration$DefaultAsyncConfigurerSupport$$EnhancerBySpringCGLIB$$f6c25963] is not eligible for getting processed by all BeanPostProcessors (for example: not eligible for auto-proxying)
2023-07-13 02:37:04.535  INFO [msd-pizza-producer,,,] 12268 --- [main] trationDelegate$BeanPostProcessorChecker : Bean 'org.springframework.cloud.sleuth.annotation.SleuthAnnotationAutoConfiguration' of type [org.springframework.cloud.sleuth.annotation.SleuthAnnotationAutoConfiguration$$EnhancerBySpringCGLIB$$bbe601d2] is not eligible for getting processed by all BeanPostProcessors (for example: not eligible for auto-proxying)
2023-07-13 02:37:04.863  INFO [msd-pizza-producer,,,] 12268 --- [main] trationDelegate$BeanPostProcessorChecker : Bean 'sleuthAdvisorConfig' of type [org.springframework.cloud.sleuth.annotation.SleuthAdvisorConfig] is not eligible for getting processed by all BeanPostProcessors (for example: not eligible for auto-proxying)
2023-07-13 02:37:04.877  INFO [msd-pizza-producer,,,] 12268 --- [main] trationDelegate$BeanPostProcessorChecker : Bean 'org.springframework.transaction.annotation.ProxyTransactionManagementConfiguration' of type [org.springframework.transaction.annotation.ProxyTransactionManagementConfiguration$$EnhancerBySpringCGLIB$$b980bba0] is not eligible for getting processed by all BeanPostProcessors (for example: not eligible for auto-proxying)
2023-07-13 02:37:04.990  INFO [msd-pizza-producer,,,] 12268 --- [main] trationDelegate$BeanPostProcessorChecker : Bean 'org.springframework.cloud.autoconfigure.ConfigurationPropertiesRebinderAutoConfiguration' of type [org.springframework.cloud.autoconfigure.ConfigurationPropertiesRebinderAutoConfiguration$$EnhancerBySpringCGLIB$$d59abe9d] is not eligible for getting processed by all BeanPostProcessors (for example: not eligible for auto-proxying)
2023-07-13 02:37:05.034  INFO [msd-pizza-producer,,,] 12268 --- [main] trationDelegate$BeanPostProcessorChecker : Bean 'org.springframework.cloud.sleuth.instrument.async.AsyncDefaultAutoConfiguration' of type [org.springframework.cloud.sleuth.instrument.async.AsyncDefaultAutoConfiguration$$EnhancerBySpringCGLIB$$a16467bf] is not eligible for getting processed by all BeanPostProcessors (for example: not eligible for auto-proxying)
2023-07-13 02:37:05.070  INFO [msd-pizza-producer,,,] 12268 --- [main] trationDelegate$BeanPostProcessorChecker : Bean 'org.springframework.cloud.sleuth.instrument.web.client.TraceWebClientAutoConfiguration$TraceOAuthConfiguration' of type [org.springframework.cloud.sleuth.instrument.web.client.TraceWebClientAutoConfiguration$TraceOAuthConfiguration$$EnhancerBySpringCGLIB$$fe7d4dff] is not eligible for getting processed by all BeanPostProcessors (for example: not eligible for auto-proxying)
2023-07-13 02:37:06.632  INFO [msd-pizza-producer,,,] 12268 --- [main] j.LocalContainerEntityManagerFactoryBean : Building JPA container EntityManagerFactory for persistence unit 'default'
2023-07-13 02:37:06.653  INFO [msd-pizza-producer,,,] 12268 --- [main] o.hibernate.jpa.internal.util.LogHelper  : HHH000204: Processing PersistenceUnitInfo [
	name: default
	...]
2023-07-13 02:37:06.751  INFO [msd-pizza-producer,,,] 12268 --- [main] org.hibernate.Version                    : HHH000412: Hibernate Core {5.0.12.Final}
2023-07-13 02:37:06.753  INFO [msd-pizza-producer,,,] 12268 --- [main] org.hibernate.cfg.Environment            : HHH000206: hibernate.properties not found
2023-07-13 02:37:06.755  INFO [msd-pizza-producer,,,] 12268 --- [main] org.hibernate.cfg.Environment            : HHH000021: Bytecode provider name : javassist
2023-07-13 02:37:06.821  INFO [msd-pizza-producer,,,] 12268 --- [main] o.hibernate.annotations.common.Version   : HCANN000001: Hibernate Commons Annotations {5.0.1.Final}
2023-07-13 02:37:06.953  INFO [msd-pizza-producer,,,] 12268 --- [main] org.hibernate.dialect.Dialect            : HHH000400: Using dialect: org.hibernate.dialect.MySQL5Dialect
2023-07-13 02:37:07.636  INFO [msd-pizza-producer,,,] 12268 --- [main] j.LocalContainerEntityManagerFactoryBean : Initialized JPA EntityManagerFactory for persistence unit 'default'
2023-07-13 02:37:10.049  WARN [msd-pizza-producer,,,] 12268 --- [main] c.n.c.sources.URLConfigurationSource     : No URLs will be polled as dynamic configuration sources.
2023-07-13 02:37:10.049  INFO [msd-pizza-producer,,,] 12268 --- [main] c.n.c.sources.URLConfigurationSource     : To enable URLs as dynamic configuration sources, define System property archaius.configurationSource.additionalUrls or make config.properties available on classpath.
2023-07-13 02:37:10.056  WARN [msd-pizza-producer,,,] 12268 --- [main] c.n.c.sources.URLConfigurationSource     : No URLs will be polled as dynamic configuration sources.
2023-07-13 02:37:10.057  INFO [msd-pizza-producer,,,] 12268 --- [main] c.n.c.sources.URLConfigurationSource     : To enable URLs as dynamic configuration sources, define System property archaius.configurationSource.additionalUrls or make config.properties available on classpath.
2023-07-13 02:37:10.786  INFO [msd-pizza-producer,,,] 12268 --- [main] s.w.s.m.m.a.RequestMappingHandlerAdapter : Looking for @ControllerAdvice: org.springframework.web.context.support.GenericWebApplicationContext@5dbe30be: startup date [Thu Jul 13 02:37:02 IST 2023]; parent: org.springframework.context.annotation.AnnotationConfigApplicationContext@4b520ea8
2023-07-13 02:37:11.023  INFO [msd-pizza-producer,,,] 12268 --- [main] s.w.s.m.m.a.RequestMappingHandlerMapping : Mapped "{[/api/v1/msd/pizzaorder],methods=[POST]}" onto public org.springframework.http.ResponseEntity<java.lang.String> com.accenture.lkm.controller.PizzaController.addPizza(com.accenture.lkm.dto.PizzaOrderDto)
2023-07-13 02:37:11.024  INFO [msd-pizza-producer,,,] 12268 --- [main] s.w.s.m.m.a.RequestMappingHandlerMapping : Mapped "{[/api/v1/msd/pizzaorder],methods=[GET]}" onto public org.springframework.http.ResponseEntity<java.util.List<com.accenture.lkm.dto.PizzaOrderDto>> com.accenture.lkm.controller.PizzaController.getPizzaDetails()
2023-07-13 02:37:11.024  INFO [msd-pizza-producer,,,] 12268 --- [main] s.w.s.m.m.a.RequestMappingHandlerMapping : Mapped "{[/api/v1/msd/pizzaorder/pizzaName],methods=[POST]}" onto public org.springframework.http.ResponseEntity<java.util.List<com.accenture.lkm.dto.PizzaOrderDto>> com.accenture.lkm.controller.PizzaController.getallDetailsByPizaaName(com.accenture.lkm.dto.PizzaNameDto)
2023-07-13 02:37:11.025  INFO [msd-pizza-producer,,,] 12268 --- [main] s.w.s.m.m.a.RequestMappingHandlerMapping : Mapped "{[/api/v1/msd/pizzaorder/customerContactNumber],methods=[POST]}" onto public org.springframework.http.ResponseEntity<java.util.List<com.accenture.lkm.dto.PizzaOrderDto>> com.accenture.lkm.controller.PizzaController.getOrderDetailsByContactNumber(com.accenture.lkm.dto.PizzaCustomerContactNumberDto)
2023-07-13 02:37:11.026  INFO [msd-pizza-producer,,,] 12268 --- [main] s.w.s.m.m.a.RequestMappingHandlerMapping : Mapped "{[/error]}" onto public org.springframework.http.ResponseEntity<java.util.Map<java.lang.String, java.lang.Object>> org.springframework.boot.autoconfigure.web.BasicErrorController.error(javax.servlet.http.HttpServletRequest)
2023-07-13 02:37:11.027  INFO [msd-pizza-producer,,,] 12268 --- [main] s.w.s.m.m.a.RequestMappingHandlerMapping : Mapped "{[/error],produces=[text/html]}" onto public org.springframework.web.servlet.ModelAndView org.springframework.boot.autoconfigure.web.BasicErrorController.errorHtml(javax.servlet.http.HttpServletRequest,javax.servlet.http.HttpServletResponse)
2023-07-13 02:37:11.194  INFO [msd-pizza-producer,,,] 12268 --- [main] o.s.w.s.handler.SimpleUrlHandlerMapping  : Mapped URL path [/webjars/**] onto handler of type [class org.springframework.web.servlet.resource.ResourceHttpRequestHandler]
2023-07-13 02:37:11.194  INFO [msd-pizza-producer,,,] 12268 --- [main] o.s.w.s.handler.SimpleUrlHandlerMapping  : Mapped URL path [/**] onto handler of type [class org.springframework.web.servlet.resource.ResourceHttpRequestHandler]
2023-07-13 02:37:11.307  INFO [msd-pizza-producer,,,] 12268 --- [main] o.s.w.s.handler.SimpleUrlHandlerMapping  : Mapped URL path [/**/favicon.ico] onto handler of type [class org.springframework.web.servlet.resource.ResourceHttpRequestHandler]
2023-07-13 02:37:13.265  INFO [msd-pizza-producer,,,] 12268 --- [main] o.s.s.c.ThreadPoolTaskScheduler          : Initializing ExecutorService 
2023-07-13 02:37:13.673  INFO [msd-pizza-producer,,,] 12268 --- [main] o.s.c.support.DefaultLifecycleProcessor  : Starting beans in phase 0
2023-07-13 02:37:13.687  INFO [msd-pizza-producer,,,] 12268 --- [main] c.accenture.lkm.PizzaOrderProducerTest   : Started PizzaOrderProducerTest in 12.212 seconds (JVM running for 13.224)
2023-07-13 02:37:13.891  INFO [msd-pizza-producer,,,] 12268 --- [main] ilder$StaticRequestMappingHandlerMapping : Mapped "{[/api/v1/msd/pizzaorder],methods=[POST]}" onto public org.springframework.http.ResponseEntity<java.lang.String> com.accenture.lkm.controller.PizzaController.addPizza(com.accenture.lkm.dto.PizzaOrderDto)
2023-07-13 02:37:13.892  INFO [msd-pizza-producer,,,] 12268 --- [main] ilder$StaticRequestMappingHandlerMapping : Mapped "{[/api/v1/msd/pizzaorder],methods=[GET]}" onto public org.springframework.http.ResponseEntity<java.util.List<com.accenture.lkm.dto.PizzaOrderDto>> com.accenture.lkm.controller.PizzaController.getPizzaDetails()
2023-07-13 02:37:13.892  INFO [msd-pizza-producer,,,] 12268 --- [main] ilder$StaticRequestMappingHandlerMapping : Mapped "{[/api/v1/msd/pizzaorder/pizzaName],methods=[POST]}" onto public org.springframework.http.ResponseEntity<java.util.List<com.accenture.lkm.dto.PizzaOrderDto>> com.accenture.lkm.controller.PizzaController.getallDetailsByPizaaName(com.accenture.lkm.dto.PizzaNameDto)
2023-07-13 02:37:13.892  INFO [msd-pizza-producer,,,] 12268 --- [main] ilder$StaticRequestMappingHandlerMapping : Mapped "{[/api/v1/msd/pizzaorder/customerContactNumber],methods=[POST]}" onto public org.springframework.http.ResponseEntity<java.util.List<com.accenture.lkm.dto.PizzaOrderDto>> com.accenture.lkm.controller.PizzaController.getOrderDetailsByContactNumber(com.accenture.lkm.dto.PizzaCustomerContactNumberDto)
2023-07-13 02:37:13.907  INFO [msd-pizza-producer,,,] 12268 --- [main] s.w.s.m.m.a.RequestMappingHandlerAdapter : Looking for @ControllerAdvice: org.springframework.test.web.servlet.setup.StubWebApplicationContext@30c96ea9
2023-07-13 02:37:13.917  INFO [msd-pizza-producer,,,] 12268 --- [main] o.s.mock.web.MockServletContext          : Initializing Spring FrameworkServlet ''
2023-07-13 02:37:13.917  INFO [msd-pizza-producer,,,] 12268 --- [main] o.s.t.web.servlet.TestDispatcherServlet  : FrameworkServlet '': initialization started
2023-07-13 02:37:13.918  INFO [msd-pizza-producer,,,] 12268 --- [main] o.s.t.web.servlet.TestDispatcherServlet  : FrameworkServlet '': initialization completed in 0 ms
2023-07-13 02:37:14.503 DEBUG [msd-pizza-producer,,,] 12268 --- [main] c.a.lkm.controller.PizzaController       : Entry to getOrderDetailsByContactNumber Controller
2023-07-13 02:37:14.506 DEBUG [msd-pizza-producer,,,] 12268 --- [main] c.a.lkm.controller.PizzaController       : Exit from getOrderDetailsByContactNumber Controller
2023-07-13 02:37:14.547  INFO [msd-pizza-producer,,,] 12268 --- [main] ilder$StaticRequestMappingHandlerMapping : Mapped "{[/api/v1/msd/pizzaorder],methods=[POST]}" onto public org.springframework.http.ResponseEntity<java.lang.String> com.accenture.lkm.controller.PizzaController.addPizza(com.accenture.lkm.dto.PizzaOrderDto)
2023-07-13 02:37:14.548  INFO [msd-pizza-producer,,,] 12268 --- [main] ilder$StaticRequestMappingHandlerMapping : Mapped "{[/api/v1/msd/pizzaorder],methods=[GET]}" onto public org.springframework.http.ResponseEntity<java.util.List<com.accenture.lkm.dto.PizzaOrderDto>> com.accenture.lkm.controller.PizzaController.getPizzaDetails()
2023-07-13 02:37:14.548  INFO [msd-pizza-producer,,,] 12268 --- [main] ilder$StaticRequestMappingHandlerMapping : Mapped "{[/api/v1/msd/pizzaorder/pizzaName],methods=[POST]}" onto public org.springframework.http.ResponseEntity<java.util.List<com.accenture.lkm.dto.PizzaOrderDto>> com.accenture.lkm.controller.PizzaController.getallDetailsByPizaaName(com.accenture.lkm.dto.PizzaNameDto)
2023-07-13 02:37:14.550  INFO [msd-pizza-producer,,,] 12268 --- [main] ilder$StaticRequestMappingHandlerMapping : Mapped "{[/api/v1/msd/pizzaorder/customerContactNumber],methods=[POST]}" onto public org.springframework.http.ResponseEntity<java.util.List<com.accenture.lkm.dto.PizzaOrderDto>> com.accenture.lkm.controller.PizzaController.getOrderDetailsByContactNumber(com.accenture.lkm.dto.PizzaCustomerContactNumberDto)
2023-07-13 02:37:14.566  INFO [msd-pizza-producer,,,] 12268 --- [main] s.w.s.m.m.a.RequestMappingHandlerAdapter : Looking for @ControllerAdvice: org.springframework.test.web.servlet.setup.StubWebApplicationContext@4c627575
2023-07-13 02:37:14.573  INFO [msd-pizza-producer,,,] 12268 --- [main] o.s.mock.web.MockServletContext          : Initializing Spring FrameworkServlet ''
2023-07-13 02:37:14.574  INFO [msd-pizza-producer,,,] 12268 --- [main] o.s.t.web.servlet.TestDispatcherServlet  : FrameworkServlet '': initialization started
2023-07-13 02:37:14.575  INFO [msd-pizza-producer,,,] 12268 --- [main] o.s.t.web.servlet.TestDispatcherServlet  : FrameworkServlet '': initialization completed in 0 ms
2023-07-13 02:37:14.576 DEBUG [msd-pizza-producer,,,] 12268 --- [main] c.a.lkm.controller.PizzaController       : Entry to getPizzaDetails Controller for find all orders
2023-07-13 02:37:14.576 DEBUG [msd-pizza-producer,,,] 12268 --- [main] c.a.lkm.controller.PizzaController       : Exit from getPizzaDetails Controller for find all orders
2023-07-13 02:37:14.590  INFO [msd-pizza-producer,,,] 12268 --- [main] ilder$StaticRequestMappingHandlerMapping : Mapped "{[/api/v1/msd/pizzaorder],methods=[POST]}" onto public org.springframework.http.ResponseEntity<java.lang.String> com.accenture.lkm.controller.PizzaController.addPizza(com.accenture.lkm.dto.PizzaOrderDto)
2023-07-13 02:37:14.590  INFO [msd-pizza-producer,,,] 12268 --- [main] ilder$StaticRequestMappingHandlerMapping : Mapped "{[/api/v1/msd/pizzaorder],methods=[GET]}" onto public org.springframework.http.ResponseEntity<java.util.List<com.accenture.lkm.dto.PizzaOrderDto>> com.accenture.lkm.controller.PizzaController.getPizzaDetails()
2023-07-13 02:37:14.590  INFO [msd-pizza-producer,,,] 12268 --- [main] ilder$StaticRequestMappingHandlerMapping : Mapped "{[/api/v1/msd/pizzaorder/pizzaName],methods=[POST]}" onto public org.springframework.http.ResponseEntity<java.util.List<com.accenture.lkm.dto.PizzaOrderDto>> com.accenture.lkm.controller.PizzaController.getallDetailsByPizaaName(com.accenture.lkm.dto.PizzaNameDto)
2023-07-13 02:37:14.591  INFO [msd-pizza-producer,,,] 12268 --- [main] ilder$StaticRequestMappingHandlerMapping : Mapped "{[/api/v1/msd/pizzaorder/customerContactNumber],methods=[POST]}" onto public org.springframework.http.ResponseEntity<java.util.List<com.accenture.lkm.dto.PizzaOrderDto>> com.accenture.lkm.controller.PizzaController.getOrderDetailsByContactNumber(com.accenture.lkm.dto.PizzaCustomerContactNumberDto)
2023-07-13 02:37:14.609  INFO [msd-pizza-producer,,,] 12268 --- [main] s.w.s.m.m.a.RequestMappingHandlerAdapter : Looking for @ControllerAdvice: org.springframework.test.web.servlet.setup.StubWebApplicationContext@3d707885
2023-07-13 02:37:14.615  INFO [msd-pizza-producer,,,] 12268 --- [main] o.s.mock.web.MockServletContext          : Initializing Spring FrameworkServlet ''
2023-07-13 02:37:14.615  INFO [msd-pizza-producer,,,] 12268 --- [main] o.s.t.web.servlet.TestDispatcherServlet  : FrameworkServlet '': initialization started
2023-07-13 02:37:14.623  INFO [msd-pizza-producer,,,] 12268 --- [main] o.s.t.web.servlet.TestDispatcherServlet  : FrameworkServlet '': initialization completed in 8 ms
2023-07-13 02:37:14.631 DEBUG [msd-pizza-producer,,,] 12268 --- [main] c.a.lkm.controller.PizzaController       : Entry to getallDetailsByPizaaName Controller
2023-07-13 02:37:14.631 DEBUG [msd-pizza-producer,,,] 12268 --- [main] c.a.lkm.controller.PizzaController       : Exit from getallDetailsByPizaaName Controller
2023-07-13 02:37:14.644  INFO [msd-pizza-producer,,,] 12268 --- [main] ilder$StaticRequestMappingHandlerMapping : Mapped "{[/api/v1/msd/pizzaorder],methods=[POST]}" onto public org.springframework.http.ResponseEntity<java.lang.String> com.accenture.lkm.controller.PizzaController.addPizza(com.accenture.lkm.dto.PizzaOrderDto)
2023-07-13 02:37:14.644  INFO [msd-pizza-producer,,,] 12268 --- [main] ilder$StaticRequestMappingHandlerMapping : Mapped "{[/api/v1/msd/pizzaorder],methods=[GET]}" onto public org.springframework.http.ResponseEntity<java.util.List<com.accenture.lkm.dto.PizzaOrderDto>> com.accenture.lkm.controller.PizzaController.getPizzaDetails()
2023-07-13 02:37:14.645  INFO [msd-pizza-producer,,,] 12268 --- [main] ilder$StaticRequestMappingHandlerMapping : Mapped "{[/api/v1/msd/pizzaorder/pizzaName],methods=[POST]}" onto public org.springframework.http.ResponseEntity<java.util.List<com.accenture.lkm.dto.PizzaOrderDto>> com.accenture.lkm.controller.PizzaController.getallDetailsByPizaaName(com.accenture.lkm.dto.PizzaNameDto)
2023-07-13 02:37:14.646  INFO [msd-pizza-producer,,,] 12268 --- [main] ilder$StaticRequestMappingHandlerMapping : Mapped "{[/api/v1/msd/pizzaorder/customerContactNumber],methods=[POST]}" onto public org.springframework.http.ResponseEntity<java.util.List<com.accenture.lkm.dto.PizzaOrderDto>> com.accenture.lkm.controller.PizzaController.getOrderDetailsByContactNumber(com.accenture.lkm.dto.PizzaCustomerContactNumberDto)
2023-07-13 02:37:14.662  INFO [msd-pizza-producer,,,] 12268 --- [main] s.w.s.m.m.a.RequestMappingHandlerAdapter : Looking for @ControllerAdvice: org.springframework.test.web.servlet.setup.StubWebApplicationContext@aad7ade
2023-07-13 02:37:14.669  INFO [msd-pizza-producer,,,] 12268 --- [main] o.s.mock.web.MockServletContext          : Initializing Spring FrameworkServlet ''
2023-07-13 02:37:14.669  INFO [msd-pizza-producer,,,] 12268 --- [main] o.s.t.web.servlet.TestDispatcherServlet  : FrameworkServlet '': initialization started
2023-07-13 02:37:14.669  INFO [msd-pizza-producer,,,] 12268 --- [main] o.s.t.web.servlet.TestDispatcherServlet  : FrameworkServlet '': initialization completed in 0 ms
2023-07-13 02:37:14.704 DEBUG [msd-pizza-producer,,,] 12268 --- [main] c.a.lkm.controller.PizzaController       : Entry to addPizza Controller
2023-07-13 02:37:14.705 DEBUG [msd-pizza-producer,,,] 12268 --- [main] c.a.lkm.controller.PizzaController       : Exit from addPizza Controller with id: 0
2023-07-13 02:37:15.156  INFO [msd-pizza-producer,,,] 12268 --- [Thread-6] o.s.w.c.s.GenericWebApplicationContext   : Closing org.springframework.web.context.support.GenericWebApplicationContext@5dbe30be: startup date [Thu Jul 13 02:37:02 IST 2023]; parent: org.springframework.context.annotation.AnnotationConfigApplicationContext@4b520ea8
2023-07-13 02:37:15.191  INFO [msd-pizza-producer,,,] 12268 --- [Thread-6] o.s.c.n.eureka.InstanceInfoFactory       : Setting initial instance status as: STARTING
2023-07-13 02:37:15.213  INFO [msd-pizza-producer,,,] 12268 --- [Thread-6] o.s.c.n.e.s.EurekaServiceRegistry        : Unregistering application msd-pizza-producer with eureka with status DOWN
2023-07-13 02:37:15.264  INFO [msd-pizza-producer,,,] 12268 --- [Thread-6] com.netflix.discovery.DiscoveryClient    : Initializing Eureka in region us-east-1
2023-07-13 02:37:15.410  INFO [msd-pizza-producer,,,] 12268 --- [Thread-6] c.n.d.provider.DiscoveryJerseyProvider   : Using JSON encoding codec LegacyJacksonJson
2023-07-13 02:37:15.410  INFO [msd-pizza-producer,,,] 12268 --- [Thread-6] c.n.d.provider.DiscoveryJerseyProvider   : Using JSON decoding codec LegacyJacksonJson
2023-07-13 02:37:15.600  INFO [msd-pizza-producer,,,] 12268 --- [Thread-6] c.n.d.provider.DiscoveryJerseyProvider   : Using XML encoding codec XStreamXml
2023-07-13 02:37:15.601  INFO [msd-pizza-producer,,,] 12268 --- [Thread-6] c.n.d.provider.DiscoveryJerseyProvider   : Using XML decoding codec XStreamXml
2023-07-13 02:37:15.845  INFO [msd-pizza-producer,,,] 12268 --- [Thread-6] c.n.d.s.r.aws.ConfigClusterResolver      : Resolving eureka endpoints via configuration
2023-07-13 02:37:15.907  INFO [msd-pizza-producer,,,] 12268 --- [Thread-6] com.netflix.discovery.DiscoveryClient    : Disable delta property : false
2023-07-13 02:37:15.907  INFO [msd-pizza-producer,,,] 12268 --- [Thread-6] com.netflix.discovery.DiscoveryClient    : Single vip registry refresh property : null
2023-07-13 02:37:15.908  INFO [msd-pizza-producer,,,] 12268 --- [Thread-6] com.netflix.discovery.DiscoveryClient    : Force full registry fetch : false
2023-07-13 02:37:15.908  INFO [msd-pizza-producer,,,] 12268 --- [Thread-6] com.netflix.discovery.DiscoveryClient    : Application is null : false
2023-07-13 02:37:15.908  INFO [msd-pizza-producer,,,] 12268 --- [Thread-6] com.netflix.discovery.DiscoveryClient    : Registered Applications size is zero : true
2023-07-13 02:37:15.908  INFO [msd-pizza-producer,,,] 12268 --- [Thread-6] com.netflix.discovery.DiscoveryClient    : Application version is -1: true
2023-07-13 02:37:15.908  INFO [msd-pizza-producer,,,] 12268 --- [Thread-6] com.netflix.discovery.DiscoveryClient    : Getting all instance registry info from the eureka server
2023-07-13 02:37:16.065  INFO [msd-pizza-producer,,,] 12268 --- [Thread-6] com.netflix.discovery.DiscoveryClient    : The response status is 200
2023-07-13 02:37:16.067  INFO [msd-pizza-producer,,,] 12268 --- [Thread-6] com.netflix.discovery.DiscoveryClient    : Starting heartbeat executor: renew interval is: 30
2023-07-13 02:37:16.072  INFO [msd-pizza-producer,,,] 12268 --- [Thread-6] c.n.discovery.InstanceInfoReplicator     : InstanceInfoReplicator onDemand update allowed rate per min is 4
2023-07-13 02:37:16.075  INFO [msd-pizza-producer,,,] 12268 --- [Thread-6] com.netflix.discovery.DiscoveryClient    : Discovery Client initialized at timestamp 1689196036075 with initial instances count: 1
2023-07-13 02:37:16.351  INFO [msd-pizza-producer,,,] 12268 --- [Thread-6] com.netflix.discovery.DiscoveryClient    : Shutting down DiscoveryClient ...
2023-07-13 02:37:16.351  INFO [msd-pizza-producer,,,] 12268 --- [Thread-6] com.netflix.discovery.DiscoveryClient    : Unregistering ...
2023-07-13 02:37:16.361  INFO [msd-pizza-producer,,,] 12268 --- [Thread-6] com.netflix.discovery.DiscoveryClient    : DiscoveryClient_MSD-PIZZA-PRODUCER/172.32.9.54:msd-pizza-producer:-1 - deregister  status: 404
2023-07-13 02:37:16.372  INFO [msd-pizza-producer,,,] 12268 --- [Thread-6] com.netflix.discovery.DiscoveryClient    : Completed shut down of DiscoveryClient
2023-07-13 02:37:16.374  INFO [msd-pizza-producer,,,] 12268 --- [Thread-6] o.s.c.support.DefaultLifecycleProcessor  : Stopping beans in phase 0
2023-07-13 02:37:17.392  INFO [msd-pizza-producer,,,] 12268 --- [Thread-6] j.LocalContainerEntityManagerFactoryBean : Closing JPA EntityManagerFactory for persistence unit 'default'
2023-07-13 02:39:55.278  INFO [msd-pizza-producer,,,] 6056 --- [AsyncResolver-bootstrap-executor-0] c.n.d.s.r.aws.ConfigClusterResolver      : Resolving eureka endpoints via configuration
2023-07-13 02:44:55.279  INFO [msd-pizza-producer,,,] 6056 --- [AsyncResolver-bootstrap-executor-0] c.n.d.s.r.aws.ConfigClusterResolver      : Resolving eureka endpoints via configuration
2023-07-13 02:49:24.705  INFO [msd-pizza-producer,,,] 6056 --- [http-nio-7092-exec-1] o.a.c.c.C.[Tomcat].[localhost].[/]       : Initializing Spring FrameworkServlet 'dispatcherServlet'
2023-07-13 02:49:24.705  INFO [msd-pizza-producer,,,] 6056 --- [http-nio-7092-exec-1] o.s.web.servlet.DispatcherServlet        : FrameworkServlet 'dispatcherServlet': initialization started
2023-07-13 02:49:24.755  INFO [msd-pizza-producer,,,] 6056 --- [http-nio-7092-exec-1] o.s.web.servlet.DispatcherServlet        : FrameworkServlet 'dispatcherServlet': initialization completed in 50 ms
2023-07-13 02:49:24.798 DEBUG [msd-pizza-producer,65aee435942ce804,55ae4f804372262d,true] 6056 --- [http-nio-7092-exec-1] c.a.lkm.controller.PizzaController       : Entry to getPizzaDetails Controller for find all orders
2023-07-13 02:49:24.831  INFO [msd-pizza-producer,65aee435942ce804,55ae4f804372262d,true] 6056 --- [http-nio-7092-exec-1] o.h.h.i.QueryTranslatorFactoryInitiator  : HHH000397: Using ASTQueryTranslatorFactory
2023-07-13 02:49:24.992 DEBUG [msd-pizza-producer,65aee435942ce804,55ae4f804372262d,true] 6056 --- [http-nio-7092-exec-1] c.a.lkm.controller.PizzaController       : Exit from getPizzaDetails Controller for find all orders
2023-07-13 02:49:26.300  WARN [msd-pizza-producer,,,] 6056 --- [AsyncReporter(org.springframework.cloud.sleuth.zipkin.RestTemplateSender@1c61f9bf)] z.r.AsyncReporter$BoundedAsyncReporter   : Dropped 1 spans due to ResourceAccessException(I/O error on POST request for "http://localhost:9411/api/v1/spans": Connection refused: connect; nested exception is java.net.ConnectException: Connection refused: connect)

org.springframework.web.client.ResourceAccessException: I/O error on POST request for "http://localhost:9411/api/v1/spans": Connection refused: connect; nested exception is java.net.ConnectException: Connection refused: connect
	at org.springframework.web.client.RestTemplate.doExecute(RestTemplate.java:666) ~[spring-web-4.3.7.RELEASE.jar:4.3.7.RELEASE]
	at org.springframework.web.client.RestTemplate.execute(RestTemplate.java:628) ~[spring-web-4.3.7.RELEASE.jar:4.3.7.RELEASE]
	at org.springframework.web.client.RestTemplate.exchange(RestTemplate.java:590) ~[spring-web-4.3.7.RELEASE.jar:4.3.7.RELEASE]
	at org.springframework.cloud.sleuth.zipkin.RestTemplateSender.post(RestTemplateSender.java:73) ~[spring-cloud-sleuth-zipkin-1.2.4.RELEASE.jar:1.2.4.RELEASE]
	at org.springframework.cloud.sleuth.zipkin.RestTemplateSender.sendSpans(RestTemplateSender.java:46) ~[spring-cloud-sleuth-zipkin-1.2.4.RELEASE.jar:1.2.4.RELEASE]
	at zipkin.reporter.AsyncReporter$BoundedAsyncReporter.flush(AsyncReporter.java:245) [zipkin-reporter-1.0.0.jar:na]
	at zipkin.reporter.AsyncReporter$Builder.lambda$build$0(AsyncReporter.java:166) [zipkin-reporter-1.0.0.jar:na]
	at zipkin.reporter.AsyncReporter$Builder$$Lambda$1.run(Unknown Source) [zipkin-reporter-1.0.0.jar:na]
	at java.lang.Thread.run(Thread.java:750) [na:1.8.0_332]
Caused by: java.net.ConnectException: Connection refused: connect
	at java.net.DualStackPlainSocketImpl.connect0(Native Method) ~[na:1.8.0_332]
	at java.net.DualStackPlainSocketImpl.socketConnect(DualStackPlainSocketImpl.java:79) ~[na:1.8.0_332]
	at java.net.AbstractPlainSocketImpl.doConnect(AbstractPlainSocketImpl.java:350) ~[na:1.8.0_332]
	at java.net.AbstractPlainSocketImpl.connectToAddress(AbstractPlainSocketImpl.java:206) ~[na:1.8.0_332]
	at java.net.AbstractPlainSocketImpl.connect(AbstractPlainSocketImpl.java:188) ~[na:1.8.0_332]
	at java.net.PlainSocketImpl.connect(PlainSocketImpl.java:172) ~[na:1.8.0_332]
	at java.net.SocksSocketImpl.connect(SocksSocketImpl.java:392) ~[na:1.8.0_332]
	at java.net.Socket.connect(Socket.java:607) ~[na:1.8.0_332]
	at java.net.Socket.connect(Socket.java:556) ~[na:1.8.0_332]
	at sun.net.NetworkClient.doConnect(NetworkClient.java:180) ~[na:1.8.0_332]
	at sun.net.www.http.HttpClient.openServer(HttpClient.java:463) ~[na:1.8.0_332]
	at sun.net.www.http.HttpClient.openServer(HttpClient.java:558) ~[na:1.8.0_332]
	at sun.net.www.http.HttpClient.<init>(HttpClient.java:242) ~[na:1.8.0_332]
	at sun.net.www.http.HttpClient.New(HttpClient.java:339) ~[na:1.8.0_332]
	at sun.net.www.http.HttpClient.New(HttpClient.java:357) ~[na:1.8.0_332]
	at sun.net.www.protocol.http.HttpURLConnection.getNewHttpClient(HttpURLConnection.java:1228) ~[na:1.8.0_332]
	at sun.net.www.protocol.http.HttpURLConnection.plainConnect0(HttpURLConnection.java:1162) ~[na:1.8.0_332]
	at sun.net.www.protocol.http.HttpURLConnection.plainConnect(HttpURLConnection.java:1056) ~[na:1.8.0_332]
	at sun.net.www.protocol.http.HttpURLConnection.connect(HttpURLConnection.java:990) ~[na:1.8.0_332]
	at org.springframework.http.client.SimpleBufferingClientHttpRequest.executeInternal(SimpleBufferingClientHttpRequest.java:78) ~[spring-web-4.3.7.RELEASE.jar:4.3.7.RELEASE]
	at org.springframework.http.client.AbstractBufferingClientHttpRequest.executeInternal(AbstractBufferingClientHttpRequest.java:48) ~[spring-web-4.3.7.RELEASE.jar:4.3.7.RELEASE]
	at org.springframework.http.client.AbstractClientHttpRequest.execute(AbstractClientHttpRequest.java:53) ~[spring-web-4.3.7.RELEASE.jar:4.3.7.RELEASE]
	at org.springframework.web.client.RestTemplate.doExecute(RestTemplate.java:652) ~[spring-web-4.3.7.RELEASE.jar:4.3.7.RELEASE]
	... 8 common frames omitted

2023-07-13 02:49:55.282  INFO [msd-pizza-producer,,,] 6056 --- [AsyncResolver-bootstrap-executor-0] c.n.d.s.r.aws.ConfigClusterResolver      : Resolving eureka endpoints via configuration
2023-07-13 02:54:55.283  INFO [msd-pizza-producer,,,] 6056 --- [AsyncResolver-bootstrap-executor-0] c.n.d.s.r.aws.ConfigClusterResolver      : Resolving eureka endpoints via configuration
2023-07-13 02:58:16.743 DEBUG [msd-pizza-producer,fa0ec2d662bd0639,44843a168c9576f6,true] 6056 --- [http-nio-7092-exec-3] c.a.lkm.controller.PizzaController       : Entry to addPizza Controller
2023-07-13 02:58:16.778 DEBUG [msd-pizza-producer,fa0ec2d662bd0639,44843a168c9576f6,true] 6056 --- [http-nio-7092-exec-3] c.a.lkm.controller.PizzaController       : Exit from addPizza Controller with id: 15
2023-07-13 02:58:17.905  WARN [msd-pizza-producer,,,] 6056 --- [AsyncReporter(org.springframework.cloud.sleuth.zipkin.RestTemplateSender@1c61f9bf)] z.r.AsyncReporter$BoundedAsyncReporter   : Dropped 1 spans due to ResourceAccessException(I/O error on POST request for "http://localhost:9411/api/v1/spans": Connection refused: connect; nested exception is java.net.ConnectException: Connection refused: connect)

org.springframework.web.client.ResourceAccessException: I/O error on POST request for "http://localhost:9411/api/v1/spans": Connection refused: connect; nested exception is java.net.ConnectException: Connection refused: connect
	at org.springframework.web.client.RestTemplate.doExecute(RestTemplate.java:666) ~[spring-web-4.3.7.RELEASE.jar:4.3.7.RELEASE]
	at org.springframework.web.client.RestTemplate.execute(RestTemplate.java:628) ~[spring-web-4.3.7.RELEASE.jar:4.3.7.RELEASE]
	at org.springframework.web.client.RestTemplate.exchange(RestTemplate.java:590) ~[spring-web-4.3.7.RELEASE.jar:4.3.7.RELEASE]
	at org.springframework.cloud.sleuth.zipkin.RestTemplateSender.post(RestTemplateSender.java:73) ~[spring-cloud-sleuth-zipkin-1.2.4.RELEASE.jar:1.2.4.RELEASE]
	at org.springframework.cloud.sleuth.zipkin.RestTemplateSender.sendSpans(RestTemplateSender.java:46) ~[spring-cloud-sleuth-zipkin-1.2.4.RELEASE.jar:1.2.4.RELEASE]
	at zipkin.reporter.AsyncReporter$BoundedAsyncReporter.flush(AsyncReporter.java:245) [zipkin-reporter-1.0.0.jar:na]
	at zipkin.reporter.AsyncReporter$Builder.lambda$build$0(AsyncReporter.java:166) [zipkin-reporter-1.0.0.jar:na]
	at zipkin.reporter.AsyncReporter$Builder$$Lambda$1.run(Unknown Source) [zipkin-reporter-1.0.0.jar:na]
	at java.lang.Thread.run(Thread.java:750) [na:1.8.0_332]
Caused by: java.net.ConnectException: Connection refused: connect
	at java.net.DualStackPlainSocketImpl.connect0(Native Method) ~[na:1.8.0_332]
	at java.net.DualStackPlainSocketImpl.socketConnect(DualStackPlainSocketImpl.java:79) ~[na:1.8.0_332]
	at java.net.AbstractPlainSocketImpl.doConnect(AbstractPlainSocketImpl.java:350) ~[na:1.8.0_332]
	at java.net.AbstractPlainSocketImpl.connectToAddress(AbstractPlainSocketImpl.java:206) ~[na:1.8.0_332]
	at java.net.AbstractPlainSocketImpl.connect(AbstractPlainSocketImpl.java:188) ~[na:1.8.0_332]
	at java.net.PlainSocketImpl.connect(PlainSocketImpl.java:172) ~[na:1.8.0_332]
	at java.net.SocksSocketImpl.connect(SocksSocketImpl.java:392) ~[na:1.8.0_332]
	at java.net.Socket.connect(Socket.java:607) ~[na:1.8.0_332]
	at java.net.Socket.connect(Socket.java:556) ~[na:1.8.0_332]
	at sun.net.NetworkClient.doConnect(NetworkClient.java:180) ~[na:1.8.0_332]
	at sun.net.www.http.HttpClient.openServer(HttpClient.java:463) ~[na:1.8.0_332]
	at sun.net.www.http.HttpClient.openServer(HttpClient.java:558) ~[na:1.8.0_332]
	at sun.net.www.http.HttpClient.<init>(HttpClient.java:242) ~[na:1.8.0_332]
	at sun.net.www.http.HttpClient.New(HttpClient.java:339) ~[na:1.8.0_332]
	at sun.net.www.http.HttpClient.New(HttpClient.java:357) ~[na:1.8.0_332]
	at sun.net.www.protocol.http.HttpURLConnection.getNewHttpClient(HttpURLConnection.java:1228) ~[na:1.8.0_332]
	at sun.net.www.protocol.http.HttpURLConnection.plainConnect0(HttpURLConnection.java:1162) ~[na:1.8.0_332]
	at sun.net.www.protocol.http.HttpURLConnection.plainConnect(HttpURLConnection.java:1056) ~[na:1.8.0_332]
	at sun.net.www.protocol.http.HttpURLConnection.connect(HttpURLConnection.java:990) ~[na:1.8.0_332]
	at org.springframework.http.client.SimpleBufferingClientHttpRequest.executeInternal(SimpleBufferingClientHttpRequest.java:78) ~[spring-web-4.3.7.RELEASE.jar:4.3.7.RELEASE]
	at org.springframework.http.client.AbstractBufferingClientHttpRequest.executeInternal(AbstractBufferingClientHttpRequest.java:48) ~[spring-web-4.3.7.RELEASE.jar:4.3.7.RELEASE]
	at org.springframework.http.client.AbstractClientHttpRequest.execute(AbstractClientHttpRequest.java:53) ~[spring-web-4.3.7.RELEASE.jar:4.3.7.RELEASE]
	at org.springframework.web.client.RestTemplate.doExecute(RestTemplate.java:652) ~[spring-web-4.3.7.RELEASE.jar:4.3.7.RELEASE]
	... 8 common frames omitted

2023-07-13 02:59:55.284  INFO [msd-pizza-producer,,,] 6056 --- [AsyncResolver-bootstrap-executor-0] c.n.d.s.r.aws.ConfigClusterResolver      : Resolving eureka endpoints via configuration
2023-07-13 03:01:42.673 DEBUG [msd-pizza-producer,a80cb029e018bdf2,65cb097348212cf5,true] 6056 --- [http-nio-7092-exec-5] c.a.lkm.controller.PizzaController       : Entry to addPizza Controller
2023-07-13 03:01:42.680 DEBUG [msd-pizza-producer,a80cb029e018bdf2,65cb097348212cf5,true] 6056 --- [http-nio-7092-exec-5] c.a.lkm.controller.PizzaController       : Exit from addPizza Controller with id: 16
2023-07-13 03:01:44.134  WARN [msd-pizza-producer,,,] 6056 --- [AsyncReporter(org.springframework.cloud.sleuth.zipkin.RestTemplateSender@1c61f9bf)] z.r.AsyncReporter$BoundedAsyncReporter   : Dropped 1 spans due to ResourceAccessException(I/O error on POST request for "http://localhost:9411/api/v1/spans": Connection refused: connect; nested exception is java.net.ConnectException: Connection refused: connect)

org.springframework.web.client.ResourceAccessException: I/O error on POST request for "http://localhost:9411/api/v1/spans": Connection refused: connect; nested exception is java.net.ConnectException: Connection refused: connect
	at org.springframework.web.client.RestTemplate.doExecute(RestTemplate.java:666) ~[spring-web-4.3.7.RELEASE.jar:4.3.7.RELEASE]
	at org.springframework.web.client.RestTemplate.execute(RestTemplate.java:628) ~[spring-web-4.3.7.RELEASE.jar:4.3.7.RELEASE]
	at org.springframework.web.client.RestTemplate.exchange(RestTemplate.java:590) ~[spring-web-4.3.7.RELEASE.jar:4.3.7.RELEASE]
	at org.springframework.cloud.sleuth.zipkin.RestTemplateSender.post(RestTemplateSender.java:73) ~[spring-cloud-sleuth-zipkin-1.2.4.RELEASE.jar:1.2.4.RELEASE]
	at org.springframework.cloud.sleuth.zipkin.RestTemplateSender.sendSpans(RestTemplateSender.java:46) ~[spring-cloud-sleuth-zipkin-1.2.4.RELEASE.jar:1.2.4.RELEASE]
	at zipkin.reporter.AsyncReporter$BoundedAsyncReporter.flush(AsyncReporter.java:245) [zipkin-reporter-1.0.0.jar:na]
	at zipkin.reporter.AsyncReporter$Builder.lambda$build$0(AsyncReporter.java:166) [zipkin-reporter-1.0.0.jar:na]
	at zipkin.reporter.AsyncReporter$Builder$$Lambda$1.run(Unknown Source) [zipkin-reporter-1.0.0.jar:na]
	at java.lang.Thread.run(Thread.java:750) [na:1.8.0_332]
Caused by: java.net.ConnectException: Connection refused: connect
	at java.net.DualStackPlainSocketImpl.connect0(Native Method) ~[na:1.8.0_332]
	at java.net.DualStackPlainSocketImpl.socketConnect(DualStackPlainSocketImpl.java:79) ~[na:1.8.0_332]
	at java.net.AbstractPlainSocketImpl.doConnect(AbstractPlainSocketImpl.java:350) ~[na:1.8.0_332]
	at java.net.AbstractPlainSocketImpl.connectToAddress(AbstractPlainSocketImpl.java:206) ~[na:1.8.0_332]
	at java.net.AbstractPlainSocketImpl.connect(AbstractPlainSocketImpl.java:188) ~[na:1.8.0_332]
	at java.net.PlainSocketImpl.connect(PlainSocketImpl.java:172) ~[na:1.8.0_332]
	at java.net.SocksSocketImpl.connect(SocksSocketImpl.java:392) ~[na:1.8.0_332]
	at java.net.Socket.connect(Socket.java:607) ~[na:1.8.0_332]
	at java.net.Socket.connect(Socket.java:556) ~[na:1.8.0_332]
	at sun.net.NetworkClient.doConnect(NetworkClient.java:180) ~[na:1.8.0_332]
	at sun.net.www.http.HttpClient.openServer(HttpClient.java:463) ~[na:1.8.0_332]
	at sun.net.www.http.HttpClient.openServer(HttpClient.java:558) ~[na:1.8.0_332]
	at sun.net.www.http.HttpClient.<init>(HttpClient.java:242) ~[na:1.8.0_332]
	at sun.net.www.http.HttpClient.New(HttpClient.java:339) ~[na:1.8.0_332]
	at sun.net.www.http.HttpClient.New(HttpClient.java:357) ~[na:1.8.0_332]
	at sun.net.www.protocol.http.HttpURLConnection.getNewHttpClient(HttpURLConnection.java:1228) ~[na:1.8.0_332]
	at sun.net.www.protocol.http.HttpURLConnection.plainConnect0(HttpURLConnection.java:1162) ~[na:1.8.0_332]
	at sun.net.www.protocol.http.HttpURLConnection.plainConnect(HttpURLConnection.java:1056) ~[na:1.8.0_332]
	at sun.net.www.protocol.http.HttpURLConnection.connect(HttpURLConnection.java:990) ~[na:1.8.0_332]
	at org.springframework.http.client.SimpleBufferingClientHttpRequest.executeInternal(SimpleBufferingClientHttpRequest.java:78) ~[spring-web-4.3.7.RELEASE.jar:4.3.7.RELEASE]
	at org.springframework.http.client.AbstractBufferingClientHttpRequest.executeInternal(AbstractBufferingClientHttpRequest.java:48) ~[spring-web-4.3.7.RELEASE.jar:4.3.7.RELEASE]
	at org.springframework.http.client.AbstractClientHttpRequest.execute(AbstractClientHttpRequest.java:53) ~[spring-web-4.3.7.RELEASE.jar:4.3.7.RELEASE]
	at org.springframework.web.client.RestTemplate.doExecute(RestTemplate.java:652) ~[spring-web-4.3.7.RELEASE.jar:4.3.7.RELEASE]
	... 8 common frames omitted

2023-07-13 03:04:55.286  INFO [msd-pizza-producer,,,] 6056 --- [AsyncResolver-bootstrap-executor-0] c.n.d.s.r.aws.ConfigClusterResolver      : Resolving eureka endpoints via configuration
2023-07-13 03:06:45.112 DEBUG [msd-pizza-producer,f81fa4b1b808b8c6,3d6566fe42fb5bd7,true] 6056 --- [http-nio-7092-exec-7] c.a.lkm.controller.PizzaController       : Entry to getallDetailsByPizaaName Controller
2023-07-13 03:06:45.137 DEBUG [msd-pizza-producer,f81fa4b1b808b8c6,3d6566fe42fb5bd7,true] 6056 --- [http-nio-7092-exec-7] c.a.lkm.controller.PizzaController       : Exit from getallDetailsByPizaaName Controller
2023-07-13 03:06:46.533  WARN [msd-pizza-producer,,,] 6056 --- [AsyncReporter(org.springframework.cloud.sleuth.zipkin.RestTemplateSender@1c61f9bf)] z.r.AsyncReporter$BoundedAsyncReporter   : Dropped 1 spans due to ResourceAccessException(I/O error on POST request for "http://localhost:9411/api/v1/spans": Connection refused: connect; nested exception is java.net.ConnectException: Connection refused: connect)

org.springframework.web.client.ResourceAccessException: I/O error on POST request for "http://localhost:9411/api/v1/spans": Connection refused: connect; nested exception is java.net.ConnectException: Connection refused: connect
	at org.springframework.web.client.RestTemplate.doExecute(RestTemplate.java:666) ~[spring-web-4.3.7.RELEASE.jar:4.3.7.RELEASE]
	at org.springframework.web.client.RestTemplate.execute(RestTemplate.java:628) ~[spring-web-4.3.7.RELEASE.jar:4.3.7.RELEASE]
	at org.springframework.web.client.RestTemplate.exchange(RestTemplate.java:590) ~[spring-web-4.3.7.RELEASE.jar:4.3.7.RELEASE]
	at org.springframework.cloud.sleuth.zipkin.RestTemplateSender.post(RestTemplateSender.java:73) ~[spring-cloud-sleuth-zipkin-1.2.4.RELEASE.jar:1.2.4.RELEASE]
	at org.springframework.cloud.sleuth.zipkin.RestTemplateSender.sendSpans(RestTemplateSender.java:46) ~[spring-cloud-sleuth-zipkin-1.2.4.RELEASE.jar:1.2.4.RELEASE]
	at zipkin.reporter.AsyncReporter$BoundedAsyncReporter.flush(AsyncReporter.java:245) [zipkin-reporter-1.0.0.jar:na]
	at zipkin.reporter.AsyncReporter$Builder.lambda$build$0(AsyncReporter.java:166) [zipkin-reporter-1.0.0.jar:na]
	at zipkin.reporter.AsyncReporter$Builder$$Lambda$1.run(Unknown Source) [zipkin-reporter-1.0.0.jar:na]
	at java.lang.Thread.run(Thread.java:750) [na:1.8.0_332]
Caused by: java.net.ConnectException: Connection refused: connect
	at java.net.DualStackPlainSocketImpl.connect0(Native Method) ~[na:1.8.0_332]
	at java.net.DualStackPlainSocketImpl.socketConnect(DualStackPlainSocketImpl.java:79) ~[na:1.8.0_332]
	at java.net.AbstractPlainSocketImpl.doConnect(AbstractPlainSocketImpl.java:350) ~[na:1.8.0_332]
	at java.net.AbstractPlainSocketImpl.connectToAddress(AbstractPlainSocketImpl.java:206) ~[na:1.8.0_332]
	at java.net.AbstractPlainSocketImpl.connect(AbstractPlainSocketImpl.java:188) ~[na:1.8.0_332]
	at java.net.PlainSocketImpl.connect(PlainSocketImpl.java:172) ~[na:1.8.0_332]
	at java.net.SocksSocketImpl.connect(SocksSocketImpl.java:392) ~[na:1.8.0_332]
	at java.net.Socket.connect(Socket.java:607) ~[na:1.8.0_332]
	at java.net.Socket.connect(Socket.java:556) ~[na:1.8.0_332]
	at sun.net.NetworkClient.doConnect(NetworkClient.java:180) ~[na:1.8.0_332]
	at sun.net.www.http.HttpClient.openServer(HttpClient.java:463) ~[na:1.8.0_332]
	at sun.net.www.http.HttpClient.openServer(HttpClient.java:558) ~[na:1.8.0_332]
	at sun.net.www.http.HttpClient.<init>(HttpClient.java:242) ~[na:1.8.0_332]
	at sun.net.www.http.HttpClient.New(HttpClient.java:339) ~[na:1.8.0_332]
	at sun.net.www.http.HttpClient.New(HttpClient.java:357) ~[na:1.8.0_332]
	at sun.net.www.protocol.http.HttpURLConnection.getNewHttpClient(HttpURLConnection.java:1228) ~[na:1.8.0_332]
	at sun.net.www.protocol.http.HttpURLConnection.plainConnect0(HttpURLConnection.java:1162) ~[na:1.8.0_332]
	at sun.net.www.protocol.http.HttpURLConnection.plainConnect(HttpURLConnection.java:1056) ~[na:1.8.0_332]
	at sun.net.www.protocol.http.HttpURLConnection.connect(HttpURLConnection.java:990) ~[na:1.8.0_332]
	at org.springframework.http.client.SimpleBufferingClientHttpRequest.executeInternal(SimpleBufferingClientHttpRequest.java:78) ~[spring-web-4.3.7.RELEASE.jar:4.3.7.RELEASE]
	at org.springframework.http.client.AbstractBufferingClientHttpRequest.executeInternal(AbstractBufferingClientHttpRequest.java:48) ~[spring-web-4.3.7.RELEASE.jar:4.3.7.RELEASE]
	at org.springframework.http.client.AbstractClientHttpRequest.execute(AbstractClientHttpRequest.java:53) ~[spring-web-4.3.7.RELEASE.jar:4.3.7.RELEASE]
	at org.springframework.web.client.RestTemplate.doExecute(RestTemplate.java:652) ~[spring-web-4.3.7.RELEASE.jar:4.3.7.RELEASE]
	... 8 common frames omitted

2023-07-13 03:07:08.719 DEBUG [msd-pizza-producer,e28d4a1485244d15,2e0bde26f5acaacf,true] 6056 --- [http-nio-7092-exec-9] c.a.lkm.controller.PizzaController       : Entry to getOrderDetailsByContactNumber Controller
2023-07-13 03:07:08.728 DEBUG [msd-pizza-producer,e28d4a1485244d15,2e0bde26f5acaacf,true] 6056 --- [http-nio-7092-exec-9] c.a.lkm.controller.PizzaController       : Exit from getOrderDetailsByContactNumber Controller
2023-07-13 03:07:10.586  WARN [msd-pizza-producer,,,] 6056 --- [AsyncReporter(org.springframework.cloud.sleuth.zipkin.RestTemplateSender@1c61f9bf)] z.r.AsyncReporter$BoundedAsyncReporter   : Dropped 1 spans due to ResourceAccessException(I/O error on POST request for "http://localhost:9411/api/v1/spans": Connection refused: connect; nested exception is java.net.ConnectException: Connection refused: connect)

org.springframework.web.client.ResourceAccessException: I/O error on POST request for "http://localhost:9411/api/v1/spans": Connection refused: connect; nested exception is java.net.ConnectException: Connection refused: connect
	at org.springframework.web.client.RestTemplate.doExecute(RestTemplate.java:666) ~[spring-web-4.3.7.RELEASE.jar:4.3.7.RELEASE]
	at org.springframework.web.client.RestTemplate.execute(RestTemplate.java:628) ~[spring-web-4.3.7.RELEASE.jar:4.3.7.RELEASE]
	at org.springframework.web.client.RestTemplate.exchange(RestTemplate.java:590) ~[spring-web-4.3.7.RELEASE.jar:4.3.7.RELEASE]
	at org.springframework.cloud.sleuth.zipkin.RestTemplateSender.post(RestTemplateSender.java:73) ~[spring-cloud-sleuth-zipkin-1.2.4.RELEASE.jar:1.2.4.RELEASE]
	at org.springframework.cloud.sleuth.zipkin.RestTemplateSender.sendSpans(RestTemplateSender.java:46) ~[spring-cloud-sleuth-zipkin-1.2.4.RELEASE.jar:1.2.4.RELEASE]
	at zipkin.reporter.AsyncReporter$BoundedAsyncReporter.flush(AsyncReporter.java:245) [zipkin-reporter-1.0.0.jar:na]
	at zipkin.reporter.AsyncReporter$Builder.lambda$build$0(AsyncReporter.java:166) [zipkin-reporter-1.0.0.jar:na]
	at zipkin.reporter.AsyncReporter$Builder$$Lambda$1.run(Unknown Source) [zipkin-reporter-1.0.0.jar:na]
	at java.lang.Thread.run(Thread.java:750) [na:1.8.0_332]
Caused by: java.net.ConnectException: Connection refused: connect
	at java.net.DualStackPlainSocketImpl.connect0(Native Method) ~[na:1.8.0_332]
	at java.net.DualStackPlainSocketImpl.socketConnect(DualStackPlainSocketImpl.java:79) ~[na:1.8.0_332]
	at java.net.AbstractPlainSocketImpl.doConnect(AbstractPlainSocketImpl.java:350) ~[na:1.8.0_332]
	at java.net.AbstractPlainSocketImpl.connectToAddress(AbstractPlainSocketImpl.java:206) ~[na:1.8.0_332]
	at java.net.AbstractPlainSocketImpl.connect(AbstractPlainSocketImpl.java:188) ~[na:1.8.0_332]
	at java.net.PlainSocketImpl.connect(PlainSocketImpl.java:172) ~[na:1.8.0_332]
	at java.net.SocksSocketImpl.connect(SocksSocketImpl.java:392) ~[na:1.8.0_332]
	at java.net.Socket.connect(Socket.java:607) ~[na:1.8.0_332]
	at java.net.Socket.connect(Socket.java:556) ~[na:1.8.0_332]
	at sun.net.NetworkClient.doConnect(NetworkClient.java:180) ~[na:1.8.0_332]
	at sun.net.www.http.HttpClient.openServer(HttpClient.java:463) ~[na:1.8.0_332]
	at sun.net.www.http.HttpClient.openServer(HttpClient.java:558) ~[na:1.8.0_332]
	at sun.net.www.http.HttpClient.<init>(HttpClient.java:242) ~[na:1.8.0_332]
	at sun.net.www.http.HttpClient.New(HttpClient.java:339) ~[na:1.8.0_332]
	at sun.net.www.http.HttpClient.New(HttpClient.java:357) ~[na:1.8.0_332]
	at sun.net.www.protocol.http.HttpURLConnection.getNewHttpClient(HttpURLConnection.java:1228) ~[na:1.8.0_332]
	at sun.net.www.protocol.http.HttpURLConnection.plainConnect0(HttpURLConnection.java:1162) ~[na:1.8.0_332]
	at sun.net.www.protocol.http.HttpURLConnection.plainConnect(HttpURLConnection.java:1056) ~[na:1.8.0_332]
	at sun.net.www.protocol.http.HttpURLConnection.connect(HttpURLConnection.java:990) ~[na:1.8.0_332]
	at org.springframework.http.client.SimpleBufferingClientHttpRequest.executeInternal(SimpleBufferingClientHttpRequest.java:78) ~[spring-web-4.3.7.RELEASE.jar:4.3.7.RELEASE]
	at org.springframework.http.client.AbstractBufferingClientHttpRequest.executeInternal(AbstractBufferingClientHttpRequest.java:48) ~[spring-web-4.3.7.RELEASE.jar:4.3.7.RELEASE]
	at org.springframework.http.client.AbstractClientHttpRequest.execute(AbstractClientHttpRequest.java:53) ~[spring-web-4.3.7.RELEASE.jar:4.3.7.RELEASE]
	at org.springframework.web.client.RestTemplate.doExecute(RestTemplate.java:652) ~[spring-web-4.3.7.RELEASE.jar:4.3.7.RELEASE]
	... 8 common frames omitted

2023-07-13 03:07:16.528 DEBUG [msd-pizza-producer,d4e92019d8852dff,3395353ac21b2aab,true] 6056 --- [http-nio-7092-exec-10] c.a.lkm.controller.PizzaController       : Entry to getOrderDetailsByContactNumber Controller
2023-07-13 03:07:16.532 DEBUG [msd-pizza-producer,d4e92019d8852dff,3395353ac21b2aab,true] 6056 --- [http-nio-7092-exec-10] c.a.lkm.controller.PizzaController       : Exit from getOrderDetailsByContactNumber Controller
2023-07-13 03:07:17.587  WARN [msd-pizza-producer,,,] 6056 --- [AsyncReporter(org.springframework.cloud.sleuth.zipkin.RestTemplateSender@1c61f9bf)] z.r.AsyncReporter$BoundedAsyncReporter   : Dropped 1 spans due to ResourceAccessException(I/O error on POST request for "http://localhost:9411/api/v1/spans": Connection refused: connect; nested exception is java.net.ConnectException: Connection refused: connect)

org.springframework.web.client.ResourceAccessException: I/O error on POST request for "http://localhost:9411/api/v1/spans": Connection refused: connect; nested exception is java.net.ConnectException: Connection refused: connect
	at org.springframework.web.client.RestTemplate.doExecute(RestTemplate.java:666) ~[spring-web-4.3.7.RELEASE.jar:4.3.7.RELEASE]
	at org.springframework.web.client.RestTemplate.execute(RestTemplate.java:628) ~[spring-web-4.3.7.RELEASE.jar:4.3.7.RELEASE]
	at org.springframework.web.client.RestTemplate.exchange(RestTemplate.java:590) ~[spring-web-4.3.7.RELEASE.jar:4.3.7.RELEASE]
	at org.springframework.cloud.sleuth.zipkin.RestTemplateSender.post(RestTemplateSender.java:73) ~[spring-cloud-sleuth-zipkin-1.2.4.RELEASE.jar:1.2.4.RELEASE]
	at org.springframework.cloud.sleuth.zipkin.RestTemplateSender.sendSpans(RestTemplateSender.java:46) ~[spring-cloud-sleuth-zipkin-1.2.4.RELEASE.jar:1.2.4.RELEASE]
	at zipkin.reporter.AsyncReporter$BoundedAsyncReporter.flush(AsyncReporter.java:245) [zipkin-reporter-1.0.0.jar:na]
	at zipkin.reporter.AsyncReporter$Builder.lambda$build$0(AsyncReporter.java:166) [zipkin-reporter-1.0.0.jar:na]
	at zipkin.reporter.AsyncReporter$Builder$$Lambda$1.run(Unknown Source) [zipkin-reporter-1.0.0.jar:na]
	at java.lang.Thread.run(Thread.java:750) [na:1.8.0_332]
Caused by: java.net.ConnectException: Connection refused: connect
	at java.net.DualStackPlainSocketImpl.connect0(Native Method) ~[na:1.8.0_332]
	at java.net.DualStackPlainSocketImpl.socketConnect(DualStackPlainSocketImpl.java:79) ~[na:1.8.0_332]
	at java.net.AbstractPlainSocketImpl.doConnect(AbstractPlainSocketImpl.java:350) ~[na:1.8.0_332]
	at java.net.AbstractPlainSocketImpl.connectToAddress(AbstractPlainSocketImpl.java:206) ~[na:1.8.0_332]
	at java.net.AbstractPlainSocketImpl.connect(AbstractPlainSocketImpl.java:188) ~[na:1.8.0_332]
	at java.net.PlainSocketImpl.connect(PlainSocketImpl.java:172) ~[na:1.8.0_332]
	at java.net.SocksSocketImpl.connect(SocksSocketImpl.java:392) ~[na:1.8.0_332]
	at java.net.Socket.connect(Socket.java:607) ~[na:1.8.0_332]
	at java.net.Socket.connect(Socket.java:556) ~[na:1.8.0_332]
	at sun.net.NetworkClient.doConnect(NetworkClient.java:180) ~[na:1.8.0_332]
	at sun.net.www.http.HttpClient.openServer(HttpClient.java:463) ~[na:1.8.0_332]
	at sun.net.www.http.HttpClient.openServer(HttpClient.java:558) ~[na:1.8.0_332]
	at sun.net.www.http.HttpClient.<init>(HttpClient.java:242) ~[na:1.8.0_332]
	at sun.net.www.http.HttpClient.New(HttpClient.java:339) ~[na:1.8.0_332]
	at sun.net.www.http.HttpClient.New(HttpClient.java:357) ~[na:1.8.0_332]
	at sun.net.www.protocol.http.HttpURLConnection.getNewHttpClient(HttpURLConnection.java:1228) ~[na:1.8.0_332]
	at sun.net.www.protocol.http.HttpURLConnection.plainConnect0(HttpURLConnection.java:1162) ~[na:1.8.0_332]
	at sun.net.www.protocol.http.HttpURLConnection.plainConnect(HttpURLConnection.java:1056) ~[na:1.8.0_332]
	at sun.net.www.protocol.http.HttpURLConnection.connect(HttpURLConnection.java:990) ~[na:1.8.0_332]
	at org.springframework.http.client.SimpleBufferingClientHttpRequest.executeInternal(SimpleBufferingClientHttpRequest.java:78) ~[spring-web-4.3.7.RELEASE.jar:4.3.7.RELEASE]
	at org.springframework.http.client.AbstractBufferingClientHttpRequest.executeInternal(AbstractBufferingClientHttpRequest.java:48) ~[spring-web-4.3.7.RELEASE.jar:4.3.7.RELEASE]
	at org.springframework.http.client.AbstractClientHttpRequest.execute(AbstractClientHttpRequest.java:53) ~[spring-web-4.3.7.RELEASE.jar:4.3.7.RELEASE]
	at org.springframework.web.client.RestTemplate.doExecute(RestTemplate.java:652) ~[spring-web-4.3.7.RELEASE.jar:4.3.7.RELEASE]
	... 8 common frames omitted

2023-07-13 03:07:52.755 DEBUG [msd-pizza-producer,b627853f930646ca,23e2a2bb1656a24f,true] 6056 --- [http-nio-7092-exec-3] c.a.lkm.controller.PizzaController       : Entry to getOrderDetailsByContactNumber Controller
2023-07-13 03:07:52.760 DEBUG [msd-pizza-producer,b627853f930646ca,23e2a2bb1656a24f,true] 6056 --- [http-nio-7092-exec-3] c.a.lkm.controller.PizzaController       : Exit from getOrderDetailsByContactNumber Controller
2023-07-13 03:07:54.624  WARN [msd-pizza-producer,,,] 6056 --- [AsyncReporter(org.springframework.cloud.sleuth.zipkin.RestTemplateSender@1c61f9bf)] z.r.AsyncReporter$BoundedAsyncReporter   : Dropped 1 spans due to ResourceAccessException(I/O error on POST request for "http://localhost:9411/api/v1/spans": Connection refused: connect; nested exception is java.net.ConnectException: Connection refused: connect)

org.springframework.web.client.ResourceAccessException: I/O error on POST request for "http://localhost:9411/api/v1/spans": Connection refused: connect; nested exception is java.net.ConnectException: Connection refused: connect
	at org.springframework.web.client.RestTemplate.doExecute(RestTemplate.java:666) ~[spring-web-4.3.7.RELEASE.jar:4.3.7.RELEASE]
	at org.springframework.web.client.RestTemplate.execute(RestTemplate.java:628) ~[spring-web-4.3.7.RELEASE.jar:4.3.7.RELEASE]
	at org.springframework.web.client.RestTemplate.exchange(RestTemplate.java:590) ~[spring-web-4.3.7.RELEASE.jar:4.3.7.RELEASE]
	at org.springframework.cloud.sleuth.zipkin.RestTemplateSender.post(RestTemplateSender.java:73) ~[spring-cloud-sleuth-zipkin-1.2.4.RELEASE.jar:1.2.4.RELEASE]
	at org.springframework.cloud.sleuth.zipkin.RestTemplateSender.sendSpans(RestTemplateSender.java:46) ~[spring-cloud-sleuth-zipkin-1.2.4.RELEASE.jar:1.2.4.RELEASE]
	at zipkin.reporter.AsyncReporter$BoundedAsyncReporter.flush(AsyncReporter.java:245) [zipkin-reporter-1.0.0.jar:na]
	at zipkin.reporter.AsyncReporter$Builder.lambda$build$0(AsyncReporter.java:166) [zipkin-reporter-1.0.0.jar:na]
	at zipkin.reporter.AsyncReporter$Builder$$Lambda$1.run(Unknown Source) [zipkin-reporter-1.0.0.jar:na]
	at java.lang.Thread.run(Thread.java:750) [na:1.8.0_332]
Caused by: java.net.ConnectException: Connection refused: connect
	at java.net.DualStackPlainSocketImpl.connect0(Native Method) ~[na:1.8.0_332]
	at java.net.DualStackPlainSocketImpl.socketConnect(DualStackPlainSocketImpl.java:79) ~[na:1.8.0_332]
	at java.net.AbstractPlainSocketImpl.doConnect(AbstractPlainSocketImpl.java:350) ~[na:1.8.0_332]
	at java.net.AbstractPlainSocketImpl.connectToAddress(AbstractPlainSocketImpl.java:206) ~[na:1.8.0_332]
	at java.net.AbstractPlainSocketImpl.connect(AbstractPlainSocketImpl.java:188) ~[na:1.8.0_332]
	at java.net.PlainSocketImpl.connect(PlainSocketImpl.java:172) ~[na:1.8.0_332]
	at java.net.SocksSocketImpl.connect(SocksSocketImpl.java:392) ~[na:1.8.0_332]
	at java.net.Socket.connect(Socket.java:607) ~[na:1.8.0_332]
	at java.net.Socket.connect(Socket.java:556) ~[na:1.8.0_332]
	at sun.net.NetworkClient.doConnect(NetworkClient.java:180) ~[na:1.8.0_332]
	at sun.net.www.http.HttpClient.openServer(HttpClient.java:463) ~[na:1.8.0_332]
	at sun.net.www.http.HttpClient.openServer(HttpClient.java:558) ~[na:1.8.0_332]
	at sun.net.www.http.HttpClient.<init>(HttpClient.java:242) ~[na:1.8.0_332]
	at sun.net.www.http.HttpClient.New(HttpClient.java:339) ~[na:1.8.0_332]
	at sun.net.www.http.HttpClient.New(HttpClient.java:357) ~[na:1.8.0_332]
	at sun.net.www.protocol.http.HttpURLConnection.getNewHttpClient(HttpURLConnection.java:1228) ~[na:1.8.0_332]
	at sun.net.www.protocol.http.HttpURLConnection.plainConnect0(HttpURLConnection.java:1162) ~[na:1.8.0_332]
	at sun.net.www.protocol.http.HttpURLConnection.plainConnect(HttpURLConnection.java:1056) ~[na:1.8.0_332]
	at sun.net.www.protocol.http.HttpURLConnection.connect(HttpURLConnection.java:990) ~[na:1.8.0_332]
	at org.springframework.http.client.SimpleBufferingClientHttpRequest.executeInternal(SimpleBufferingClientHttpRequest.java:78) ~[spring-web-4.3.7.RELEASE.jar:4.3.7.RELEASE]
	at org.springframework.http.client.AbstractBufferingClientHttpRequest.executeInternal(AbstractBufferingClientHttpRequest.java:48) ~[spring-web-4.3.7.RELEASE.jar:4.3.7.RELEASE]
	at org.springframework.http.client.AbstractClientHttpRequest.execute(AbstractClientHttpRequest.java:53) ~[spring-web-4.3.7.RELEASE.jar:4.3.7.RELEASE]
	at org.springframework.web.client.RestTemplate.doExecute(RestTemplate.java:652) ~[spring-web-4.3.7.RELEASE.jar:4.3.7.RELEASE]
	... 8 common frames omitted

2023-07-13 03:09:55.288  INFO [msd-pizza-producer,,,] 6056 --- [AsyncResolver-bootstrap-executor-0] c.n.d.s.r.aws.ConfigClusterResolver      : Resolving eureka endpoints via configuration
2023-07-13 03:13:55.379  INFO [msd-pizza-producer,,,] 6056 --- [RMI TCP Connection(46)-127.0.0.1] inMXBeanRegistrar$SpringApplicationAdmin : Application shutdown requested.
2023-07-13 03:13:55.380  INFO [msd-pizza-producer,,,] 6056 --- [RMI TCP Connection(46)-127.0.0.1] ationConfigEmbeddedWebApplicationContext : Closing org.springframework.boot.context.embedded.AnnotationConfigEmbeddedWebApplicationContext@23bff419: startup date [Thu Jul 13 02:34:44 IST 2023]; parent: org.springframework.context.annotation.AnnotationConfigApplicationContext@1c1bbc4e
2023-07-13 03:13:55.381  INFO [msd-pizza-producer,,,] 6056 --- [RMI TCP Connection(46)-127.0.0.1] o.s.c.n.e.s.EurekaServiceRegistry        : Unregistering application msd-pizza-producer with eureka with status DOWN
2023-07-13 03:13:55.381  WARN [msd-pizza-producer,,,] 6056 --- [RMI TCP Connection(46)-127.0.0.1] com.netflix.discovery.DiscoveryClient    : Saw local status change event StatusChangeEvent [timestamp=1689198235381, current=DOWN, previous=UP]
2023-07-13 03:13:55.381  INFO [msd-pizza-producer,,,] 6056 --- [RMI TCP Connection(46)-127.0.0.1] com.netflix.discovery.DiscoveryClient    : Shutting down DiscoveryClient ...
2023-07-13 03:13:55.381  INFO [msd-pizza-producer,,,] 6056 --- [RMI TCP Connection(46)-127.0.0.1] com.netflix.discovery.DiscoveryClient    : Unregistering ...
2023-07-13 03:13:55.386  INFO [msd-pizza-producer,,,] 6056 --- [RMI TCP Connection(46)-127.0.0.1] com.netflix.discovery.DiscoveryClient    : DiscoveryClient_MSD-PIZZA-PRODUCER/172.32.9.54:msd-pizza-producer:7092 - deregister  status: 200
2023-07-13 03:13:55.395  INFO [msd-pizza-producer,,,] 6056 --- [RMI TCP Connection(46)-127.0.0.1] com.netflix.discovery.DiscoveryClient    : Completed shut down of DiscoveryClient
2023-07-13 03:13:55.397  INFO [msd-pizza-producer,,,] 6056 --- [RMI TCP Connection(46)-127.0.0.1] o.s.c.support.DefaultLifecycleProcessor  : Stopping beans in phase 0
2023-07-13 03:13:56.398  WARN [msd-pizza-producer,,,] 6056 --- [RMI TCP Connection(46)-127.0.0.1] z.r.AsyncReporter$BoundedAsyncReporter   : Timed out waiting for in-flight spans to send
2023-07-13 03:13:56.399  INFO [msd-pizza-producer,,,] 6056 --- [RMI TCP Connection(46)-127.0.0.1] o.s.j.e.a.AnnotationMBeanExporter        : Unregistering JMX-exposed beans on shutdown
2023-07-13 03:13:56.399  INFO [msd-pizza-producer,,,] 6056 --- [RMI TCP Connection(46)-127.0.0.1] o.s.j.e.a.AnnotationMBeanExporter        : Unregistering JMX-exposed beans
2023-07-13 03:13:56.401  INFO [msd-pizza-producer,,,] 6056 --- [RMI TCP Connection(46)-127.0.0.1] j.LocalContainerEntityManagerFactoryBean : Closing JPA EntityManagerFactory for persistence unit 'default'
2023-07-13 03:13:56.487  INFO [msd-pizza-producer,,,] 6056 --- [RMI TCP Connection(46)-127.0.0.1] o.apache.catalina.core.StandardService   : Stopping service Tomcat
2023-07-13 03:13:56.489  INFO [msd-pizza-producer,,,] 6056 --- [localhost-startStop-2] o.a.c.c.C.[Tomcat].[localhost].[/]       : Destroying Spring FrameworkServlet 'dispatcherServlet'
